<!DOCTYPE html>
<html>
<head>
    <title>Unittest Results</title>
    <meta charset="utf-8">
    <meta name="viewport" content="width=device-width, initial-scale=1.0">
    <link rel="stylesheet" href="https://maxcdn.bootstrapcdn.com/bootstrap/3.3.6/css/bootstrap.min.css" integrity="sha384-1q8mTJOASx8j1Au+a5WDVnPi2lkFfwwEAa8hDDdjZlpLegxhjVME1fgjWPGmkzs7" crossorigin="anonymous">
</head>
<body>
    <div class="container">
        <div class="row">
            <div class="col-xs-12">
                <h2 class="text-capitalize">Unittest Results</h2>
                <p class='attribute'><strong>Start Time: </strong>2019-05-30 09:21:46</p>
                <p class='attribute'><strong>Duration: </strong>16.51 s</p>
                <p class='attribute'><strong>Summary: </strong>Total: 3, Pass: 0, Error: 3</p>
            </div>
        </div>
        <div class="row">
            <div class="col-xs-12 col-sm-10 col-md-10">
                <table class='table table-hover table-responsive'>
                    <thead>
                        <tr>
                            <th>__main__.LoginTest</th>
                            <th>Status</th>
                            <th></th>
                        </tr>
                    </thead>
                    <tbody>
                        <tr class='warning'>
                            <td class="col-xs-10">test_mail_fail_login</td>
                            <td class="col-xs-1">
                                <span class="label label-warning" style="display:block;width:40px;">Error</span>
                            </td>
                            <td class="col-xs-1">
                                <button class="btn btn-default btn-xs">View</button>
                            </td>
                        </tr>
                        <tr style="display:none;">
                            <td class="col-xs-9" colspan="3"><p style="color:maroon;">TimeoutException: Message: Timeout loading page after 10000ms
</p><p style="color:maroon;">Traceback (most recent call last):
  File "test_gui.py", line 14, in test_mail_fail_login
    driver.get('http://localhost:5000/login')
  File "/home/kadavul/anaconda3/envs/smartsql/lib/python3.7/site-packages/selenium/webdriver/remote/webdriver.py", line 333, in get
    self.execute(Command.GET, {'url': url})
  File "/home/kadavul/anaconda3/envs/smartsql/lib/python3.7/site-packages/selenium/webdriver/remote/webdriver.py", line 321, in execute
    self.error_handler.check_response(response)
  File "/home/kadavul/anaconda3/envs/smartsql/lib/python3.7/site-packages/selenium/webdriver/remote/errorhandler.py", line 242, in check_response
    raise exception_class(message, screen, stacktrace)
selenium.common.exceptions.TimeoutException: Message: Timeout loading page after 10000ms

</p>
                            </td>
                        </tr>
                        <tr class='warning'>
                            <td class="col-xs-10">test_pass_login</td>
                            <td class="col-xs-1">
                                <span class="label label-warning" style="display:block;width:40px;">Error</span>
                            </td>
                            <td class="col-xs-1">
                                <button class="btn btn-default btn-xs">View</button>
                            </td>
                        </tr>
                        <tr style="display:none;">
                            <td class="col-xs-9" colspan="3"><p style="color:maroon;">AttributeError: 'WebDriver' object has no attribute 'find_element_by_link_class'</p><p style="color:maroon;">Traceback (most recent call last):
  File "test_gui.py", line 40, in test_pass_login
    home.click_logout()
  File "/home/kadavul/Desktop/FlaskProject/Homepage.py", line 21, in click_logout
    self.driver.find_element_by_link_class("nav-item dropdown").click()
AttributeError: 'WebDriver' object has no attribute 'find_element_by_link_class'
</p>
                            </td>
                        </tr>
                        <tr class='warning'>
                            <td class="col-xs-10">test_password_fail_login</td>
                            <td class="col-xs-1">
                                <span class="label label-warning" style="display:block;width:40px;">Error</span>
                            </td>
                            <td class="col-xs-1">
                                <button class="btn btn-default btn-xs">View</button>
                            </td>
                        </tr>
                        <tr style="display:none;">
                            <td class="col-xs-9" colspan="3"><p style="color:maroon;">NoSuchElementException: Message: Unable to locate element: [id="email"]
</p><p style="color:maroon;">Traceback (most recent call last):
  File "test_gui.py", line 26, in test_password_fail_login
    login.enter_email("thalapathy@gmail.com")
  File "/home/kadavul/Desktop/FlaskProject/loginpage.py", line 9, in enter_email
    self.driver.find_element_by_id(self.email_textbox_id).clear()
  File "/home/kadavul/anaconda3/envs/smartsql/lib/python3.7/site-packages/selenium/webdriver/remote/webdriver.py", line 360, in find_element_by_id
    return self.find_element(by=By.ID, value=id_)
  File "/home/kadavul/anaconda3/envs/smartsql/lib/python3.7/site-packages/selenium/webdriver/remote/webdriver.py", line 978, in find_element
    'value': value})['value']
  File "/home/kadavul/anaconda3/envs/smartsql/lib/python3.7/site-packages/selenium/webdriver/remote/webdriver.py", line 321, in execute
    self.error_handler.check_response(response)
  File "/home/kadavul/anaconda3/envs/smartsql/lib/python3.7/site-packages/selenium/webdriver/remote/errorhandler.py", line 242, in check_response
    raise exception_class(message, screen, stacktrace)
selenium.common.exceptions.NoSuchElementException: Message: Unable to locate element: [id="email"]

</p>
                            </td>
                        </tr>
                        <tr>
                            <td colspan="3">
                                Total: 3, Pass: 0, Error: 3 -- Duration: 16.51 s
                            </td>
                        </tr>
                    </tbody>
                </table>
            </div>
        </div>
    </div>
    <script src="https://ajax.googleapis.com/ajax/libs/jquery/2.2.4/jquery.min.js"></script>
    <script type="text/javascript">
        $(document).ready(function(){
            $('td').on('click', '.btn', function(e){
                e.preventDefault();
                e.stopImmediatePropagation();
                var $this = $(this);
                var $nextRow = $this.closest('tr').next('tr');
                $nextRow.slideToggle("fast");
                $this.text(function(i, text){
                    if (text === 'View') {
                        return 'Hide';
                    } else {
                        return 'View';
                    };
                });
            });
        });
    </script>
</body>
</html